<?xml version="1.0" encoding="UTF-8"?>
<!-- Generated by org.testng.reporters.JUnitReportReporter -->
<testsuite hostname="1dd49876b7f4" failures="0" tests="3" name="com.qa.tests.vendorportal.VendorPortalTest" time="6.352" errors="0" timestamp="2024-04-27T10:47:53 GMT" skipped="0">
  <testcase classname="com.qa.tests.vendorportal.VendorPortalTest" name="login" time="2.076"/>
  <testcase classname="com.qa.tests.vendorportal.VendorPortalTest" name="dashBoardTest" time="2.785"/>
  <testcase classname="com.qa.tests.vendorportal.VendorPortalTest" name="logoutTest" time="1.491"/>
</testsuite> <!-- com.qa.tests.vendorportal.VendorPortalTest -->
