<?xml version="1.0" encoding="UTF-8"?>
<!-- Generated by org.testng.reporters.JUnitReportReporter -->
<testsuite hostname="8db008afef82" failures="0" tests="3" name="com.qa.tests.vendorportal.VendorPortalTest" time="10.422" errors="0" timestamp="2024-04-27T11:09:41 GMT" skipped="0">
  <testcase classname="com.qa.tests.vendorportal.VendorPortalTest" name="logoutTest" time="2.840"/>
  <testcase classname="com.qa.tests.vendorportal.VendorPortalTest" name="login" time="2.827"/>
  <testcase classname="com.qa.tests.vendorportal.VendorPortalTest" name="dashBoardTest" time="4.755"/>
</testsuite> <!-- com.qa.tests.vendorportal.VendorPortalTest -->
