<?xml version="1.0" encoding="UTF-8"?>
<!-- Generated by org.testng.reporters.JUnitReportReporter -->
<testsuite hostname="Vaibhavs-MacBook-Air.local" failures="0" tests="10" name="com.qa.tests.flightreservation.FlightReservationTest" time="29.832" errors="0" timestamp="2024-04-27T13:10:30 IST" skipped="0">
  <testcase classname="com.qa.tests.flightreservation.FlightReservationTest" name="userRegistrationTest" time="6.371"/>
  <system-out/>
  <testcase classname="com.qa.tests.flightreservation.FlightReservationTest" name="userConfirmationTest" time="0.422"/>
  <system-out/>
  <testcase classname="com.qa.tests.flightreservation.FlightReservationTest" name="flightSearchTest" time="1.547"/>
  <system-out/>
  <testcase classname="com.qa.tests.flightreservation.FlightReservationTest" name="flightConfirmationTest" time="2.638"/>
  <system-out/>
  <testcase classname="com.qa.tests.flightreservation.FlightReservationTest" name="userRegistrationTest" time="6.497"/>
  <system-out/>
  <testcase classname="com.qa.tests.flightreservation.FlightReservationTest" name="flightConfirmationTest" time="2.735"/>
  <system-out/>
  <testcase classname="com.qa.tests.flightreservation.FlightReservationTest" name="FlightSelectionTest" time="3.499"/>
  <system-out/>
  <testcase classname="com.qa.tests.flightreservation.FlightReservationTest" name="flightSearchTest" time="0.884"/>
  <system-out/>
  <testcase classname="com.qa.tests.flightreservation.FlightReservationTest" name="FlightSelectionTest" time="4.235"/>
  <system-out/>
  <testcase classname="com.qa.tests.flightreservation.FlightReservationTest" name="userConfirmationTest" time="1.004"/>
  <system-out/>
</testsuite> <!-- com.qa.tests.flightreservation.FlightReservationTest -->
