<?xml version="1.0" encoding="UTF-8"?>
<!-- Generated by org.testng.reporters.JUnitReportReporter -->
<testsuite hostname="Vaibhavs-MacBook-Air.local" failures="0" tests="8" name="Locators.TestLocators" time="27.625" errors="0" timestamp="2024-04-28T10:30:55 IST" skipped="7">
  <testcase classname="Locators.TestLocators" name="test" time="27.625"/>
  <system-out/>
  <testcase classname="Locators.TestLocators" name="links">
    <skipped/>
  </testcase> <!-- links -->
  <system-out/>
  <testcase classname="Locators.TestLocators" name="search2dArr">
    <skipped/>
  </testcase> <!-- search2dArr -->
  <system-out/>
  <testcase classname="Locators.TestLocators" name="addToCartlocs">
    <skipped/>
  </testcase> <!-- addToCartlocs -->
  <system-out/>
  <testcase classname="Locators.TestLocators" name="searchDropDown">
    <skipped/>
  </testcase> <!-- searchDropDown -->
  <system-out/>
  <testcase classname="Locators.TestLocators" name="svg">
    <skipped/>
  </testcase> <!-- svg -->
  <system-out/>
  <testcase classname="Locators.TestLocators" name="calendar">
    <skipped/>
  </testcase> <!-- calendar -->
  <system-out/>
  <testcase classname="Locators.TestLocators" name="calendarSImplECode">
    <skipped/>
  </testcase> <!-- calendarSImplECode -->
  <system-out/>
</testsuite> <!-- Locators.TestLocators -->
