<?xml version="1.0" encoding="UTF-8"?>
<!-- Generated by org.testng.reporters.JUnitReportReporter -->
<testsuite hostname="Vaibhavs-MacBook-Air.local" failures="0" tests="3" name="Locators.TestOne" time="0.018" errors="0" timestamp="2024-04-28T11:39:10 IST" skipped="0">
  <testcase classname="Locators.TestOne" name="b" time="0.010"/>
  <system-out/>
  <testcase classname="Locators.TestOne" name="c" time="0.002"/>
  <system-out/>
  <testcase classname="Locators.TestOne" name="d" time="0.006"/>
  <system-out/>
</testsuite> <!-- Locators.TestOne -->
