<?xml version="1.0" encoding="UTF-8"?>
<!-- Generated by org.testng.reporters.JUnitReportReporter -->
<testsuite hostname="Vaibhavs-MacBook-Air.local" failures="0" tests="3" name="com.qa.tests.vendorportal.VendorPortalTest" time="9.945" errors="0" timestamp="2024-04-27T16:14:26 IST" skipped="0">
  <testcase classname="com.qa.tests.vendorportal.VendorPortalTest" name="dashBoardTest" time="5.437"/>
  <system-out/>
  <testcase classname="com.qa.tests.vendorportal.VendorPortalTest" name="logoutTest" time="1.912"/>
  <system-out/>
  <testcase classname="com.qa.tests.vendorportal.VendorPortalTest" name="login" time="2.596"/>
  <system-out/>
</testsuite> <!-- com.qa.tests.vendorportal.VendorPortalTest -->
