<?xml version="1.0" encoding="UTF-8"?>
<!-- Generated by org.testng.reporters.JUnitReportReporter -->
<testsuite hostname="5b9fbf413861" failures="0" tests="10" name="com.qa.tests.flightreservation.FlightReservationTest" time="35.476" errors="0" timestamp="2024-04-27T11:09:49 GMT" skipped="0">
  <testcase classname="com.qa.tests.flightreservation.FlightReservationTest" name="flightConfirmationTest" time="1.276"/>
  <testcase classname="com.qa.tests.flightreservation.FlightReservationTest" name="flightSearchTest" time="2.007"/>
  <testcase classname="com.qa.tests.flightreservation.FlightReservationTest" name="FlightSelectionTest" time="4.130"/>
  <testcase classname="com.qa.tests.flightreservation.FlightReservationTest" name="flightConfirmationTest" time="0.776"/>
  <testcase classname="com.qa.tests.flightreservation.FlightReservationTest" name="userConfirmationTest" time="2.436"/>
  <testcase classname="com.qa.tests.flightreservation.FlightReservationTest" name="FlightSelectionTest" time="4.547"/>
  <testcase classname="com.qa.tests.flightreservation.FlightReservationTest" name="userRegistrationTest" time="7.584"/>
  <testcase classname="com.qa.tests.flightreservation.FlightReservationTest" name="userRegistrationTest" time="7.596"/>
  <testcase classname="com.qa.tests.flightreservation.FlightReservationTest" name="userConfirmationTest" time="2.358"/>
  <testcase classname="com.qa.tests.flightreservation.FlightReservationTest" name="flightSearchTest" time="2.766"/>
</testsuite> <!-- com.qa.tests.flightreservation.FlightReservationTest -->
