<?xml version="1.0" encoding="UTF-8"?>
<!-- Generated by org.testng.reporters.JUnitReportReporter -->
<testsuite hostname="051c874cf491" failures="0" tests="10" name="com.qa.tests.flightreservation.FlightReservationTest" time="28.071" errors="0" timestamp="2024-04-27T10:48:06 GMT" skipped="0">
  <testcase classname="com.qa.tests.flightreservation.FlightReservationTest" name="flightSearchTest" time="2.336"/>
  <testcase classname="com.qa.tests.flightreservation.FlightReservationTest" name="flightConfirmationTest" time="1.332"/>
  <testcase classname="com.qa.tests.flightreservation.FlightReservationTest" name="userConfirmationTest" time="1.854"/>
  <testcase classname="com.qa.tests.flightreservation.FlightReservationTest" name="userConfirmationTest" time="0.143"/>
  <testcase classname="com.qa.tests.flightreservation.FlightReservationTest" name="userRegistrationTest" time="4.945"/>
  <testcase classname="com.qa.tests.flightreservation.FlightReservationTest" name="flightConfirmationTest" time="1.521"/>
  <testcase classname="com.qa.tests.flightreservation.FlightReservationTest" name="flightSearchTest" time="2.945"/>
  <testcase classname="com.qa.tests.flightreservation.FlightReservationTest" name="userRegistrationTest" time="4.973"/>
  <testcase classname="com.qa.tests.flightreservation.FlightReservationTest" name="FlightSelectionTest" time="4.605"/>
  <testcase classname="com.qa.tests.flightreservation.FlightReservationTest" name="FlightSelectionTest" time="3.417"/>
</testsuite> <!-- com.qa.tests.flightreservation.FlightReservationTest -->
